0 info it worked if it ends with ok
1 verbose cli [ '/usr/local/bin/node', '/usr/local/bin/npm', 'run', 'build' ]
2 info using npm@2.0.0
3 info using node@v0.11.14
4 verbose run-script [ 'prebuild', 'build', 'postbuild' ]
5 info prebuild mud@0.0.0
6 info build mud@0.0.0
7 verbose unsafe-perm in lifecycle true
8 info mud@0.0.0 Failed to exec build script
9 verbose stack Error: Exit status 1
9 verbose stack     at ChildProcess.<anonymous> (/usr/local/lib/node_modules/npm/lib/utils/lifecycle.js:212:16)
9 verbose stack     at ChildProcess.emit (events.js:110:17)
9 verbose stack     at maybeClose (child_process.js:1000:16)
9 verbose stack     at Process.ChildProcess._handle.onexit (child_process.js:1072:5)
10 verbose pkgid mud@0.0.0
11 verbose cwd /Users/jkappers/Documents/git/mud
12 error Darwin 14.0.0
13 error argv "/usr/local/bin/node" "/usr/local/bin/npm" "run" "build"
14 error node v0.11.14
15 error npm  v2.0.0
16 error code ELIFECYCLE
17 error mud@0.0.0 build: `traceur --dir ./src ./out --modules=commonjs --experimental`
17 error Exit status 1
18 error Failed at the mud@0.0.0 build script.
18 error This is most likely a problem with the mud package,
18 error not with npm itself.
18 error Tell the author that this fails on your system:
18 error     traceur --dir ./src ./out --modules=commonjs --experimental
18 error You can get their info via:
18 error     npm owner ls mud
18 error There is likely additional logging output above.
19 verbose exit [ 1, true ]
